<?xml version="1.0" encoding="UTF-8"?>
<!-- Generated by org.testng.reporters.JUnitReportReporter -->
<testsuite hostname="MacBook-Pro-2.local" name="TestCommonCore" tests="1" failures="0" timestamp="28 Mar 2018 07:18:04 GMT" time="0.014" errors="0">
  <testcase name="verifyEnvProperties" time="0.014" classname="TestCommonCore"/>
</testsuite> <!-- TestCommonCore -->
